{"/Users/remy/Sites/exporter/lib/exporter.js":{"path":"/Users/remy/Sites/exporter/lib/exporter.js","s":{"1":1,"2":1,"3":1,"4":1,"5":1,"6":1,"7":1,"8":1,"9":1,"10":79,"11":39,"12":40,"13":40,"14":40,"15":40,"16":40,"17":40,"18":40,"19":40,"20":40,"21":1,"22":1,"23":1,"24":1,"25":1,"26":1,"27":1,"28":1,"29":1,"30":1,"31":0,"32":1,"33":1,"34":1,"35":1,"36":1,"37":1,"38":1,"39":1,"40":1,"41":1,"42":1,"43":0,"44":0,"45":0,"46":1,"47":1,"48":2,"49":1,"50":1,"51":1,"52":1,"53":1,"54":0,"55":1,"56":1,"57":1,"58":1,"59":0,"60":0,"61":0,"62":1,"63":51,"64":51,"65":51,"66":1,"67":12,"68":12,"69":1,"70":1,"71":1,"72":1,"73":15,"74":15,"75":5,"76":15,"77":0,"78":15,"79":15,"80":0,"81":15,"82":15,"83":4,"84":15,"85":1,"86":1,"87":1,"88":0,"89":0,"90":1,"91":1,"92":1,"93":1,"94":1,"95":1,"96":14,"97":14,"98":14,"99":13,"100":13,"101":13,"102":1,"103":1,"104":13,"105":13,"106":1,"107":1,"108":13,"109":13,"110":13,"111":13,"112":13,"113":3,"114":13,"115":1,"116":1,"117":1,"118":1,"119":1,"120":1,"121":1,"122":2,"123":2,"124":1,"125":84,"126":84,"127":78,"128":65,"129":13,"130":78,"131":84,"132":1,"133":30,"134":30,"135":1,"136":6,"137":1,"138":1,"139":83,"140":36,"141":22,"142":36,"143":18,"144":1,"145":13,"146":1,"147":2,"148":2,"149":2,"150":2,"151":2,"152":2,"153":13,"154":0,"155":13,"156":10,"157":174,"158":174,"159":174,"160":174,"161":174,"162":174,"163":13,"164":1,"165":1,"166":1,"167":1,"168":0,"169":1,"170":1,"171":1,"172":1,"173":40,"174":35,"175":30,"176":5,"177":0,"178":5,"179":9,"180":9,"181":9,"182":41,"183":41,"184":41,"185":0,"186":41,"187":9,"188":9,"189":1,"190":1,"191":9,"192":5,"193":5,"194":1,"195":6,"196":8,"197":8,"198":8,"199":8,"200":8,"201":1,"202":2,"203":8,"204":1,"205":0,"206":1,"207":11,"208":11,"209":176,"210":176,"211":176,"212":11,"213":29,"214":0,"215":29,"216":674,"217":1726,"218":674,"219":1052,"220":11,"221":11,"222":1,"223":51,"224":104,"225":104,"226":63,"227":95,"228":13,"229":2,"230":13,"231":13,"232":13,"233":13,"234":13,"235":13,"236":13,"237":12,"238":12,"239":12,"240":12,"241":12,"242":1,"243":11,"244":11,"245":11,"246":1,"247":13,"248":95},"b":{"1":[39,40],"2":[40,22],"3":[0,1],"4":[1,1],"5":[1,0],"6":[1,0],"7":[1,0],"8":[0,1],"9":[0,0],"10":[5,10],"11":[5,0],"12":[0,15],"13":[0,15],"14":[4,11],"15":[1,14],"16":[1,0],"17":[0,1],"18":[1,12],"19":[13,3,3],"20":[11,2],"21":[11,0],"22":[1,12],"23":[3,81],"24":[65,13],"25":[1,12],"26":[0,13],"27":[10,3],"28":[174,6],"29":[0,1],"30":[1,0],"31":[1,0],"32":[30,5],"33":[35,30],"34":[0,5],"35":[41,0],"36":[1,8],"37":[1,7],"38":[0,29],"39":[674,1052],"40":[632,42],"41":[1052,470],"42":[63,41],"43":[104,63],"44":[2,11],"45":[13,0],"46":[13,13,12],"47":[13,8],"48":[13,5],"49":[13,11],"50":[12,1],"51":[1,11]},"f":{"1":79,"2":1,"3":1,"4":0,"5":2,"6":1,"7":1,"8":0,"9":51,"10":12,"11":1,"12":1,"13":15,"14":0,"15":1,"16":1,"17":13,"18":13,"19":3,"20":1,"21":1,"22":2,"23":84,"24":78,"25":30,"26":6,"27":83,"28":36,"29":22,"30":18,"31":13,"32":2,"33":174,"34":1,"35":40,"36":35,"37":9,"38":9,"39":41,"40":41,"41":6,"42":8,"43":8,"44":2,"45":0,"46":11,"47":176,"48":29,"49":674,"50":1726,"51":51,"52":104,"53":95,"54":13,"55":12,"56":12,"57":11},"fnMap":{"1":{"name":"(anonymous_1)","line":14,"loc":{"start":{"line":14,"column":32},"end":{"line":14,"column":48}}},"2":{"name":"(anonymous_2)","line":66,"loc":{"start":{"line":66,"column":17},"end":{"line":66,"column":35}}},"3":{"name":"(anonymous_3)","line":100,"loc":{"start":{"line":100,"column":19},"end":{"line":100,"column":35}}},"4":{"name":"(anonymous_4)","line":104,"loc":{"start":{"line":104,"column":51},"end":{"line":104,"column":66}}},"5":{"name":"(anonymous_5)","line":115,"loc":{"start":{"line":115,"column":32},"end":{"line":115,"column":54}}},"6":{"name":"(anonymous_6)","line":116,"loc":{"start":{"line":116,"column":23},"end":{"line":116,"column":39}}},"7":{"name":"(anonymous_7)","line":117,"loc":{"start":{"line":117,"column":27},"end":{"line":117,"column":46}}},"8":{"name":"(anonymous_8)","line":138,"loc":{"start":{"line":138,"column":35},"end":{"line":138,"column":51}}},"9":{"name":"(anonymous_9)","line":147,"loc":{"start":{"line":147,"column":17},"end":{"line":147,"column":35}}},"10":{"name":"(anonymous_10)","line":153,"loc":{"start":{"line":153,"column":19},"end":{"line":153,"column":39}}},"11":{"name":"(anonymous_11)","line":158,"loc":{"start":{"line":158,"column":16},"end":{"line":158,"column":28}}},"12":{"name":"(anonymous_12)","line":159,"loc":{"start":{"line":159,"column":40},"end":{"line":159,"column":56}}},"13":{"name":"(anonymous_13)","line":164,"loc":{"start":{"line":164,"column":15},"end":{"line":164,"column":41}}},"14":{"name":"(anonymous_14)","line":188,"loc":{"start":{"line":188,"column":54},"end":{"line":188,"column":76}}},"15":{"name":"(anonymous_15)","line":206,"loc":{"start":{"line":206,"column":12},"end":{"line":206,"column":27}}},"16":{"name":"(anonymous_16)","line":208,"loc":{"start":{"line":208,"column":52},"end":{"line":208,"column":68}}},"17":{"name":"(anonymous_17)","line":222,"loc":{"start":{"line":222,"column":21},"end":{"line":222,"column":37}}},"18":{"name":"(anonymous_18)","line":243,"loc":{"start":{"line":243,"column":49},"end":{"line":243,"column":66}}},"19":{"name":"(anonymous_19)","line":245,"loc":{"start":{"line":245,"column":45},"end":{"line":245,"column":60}}},"20":{"name":"(anonymous_20)","line":254,"loc":{"start":{"line":254,"column":15},"end":{"line":254,"column":27}}},"21":{"name":"(anonymous_21)","line":259,"loc":{"start":{"line":259,"column":16},"end":{"line":259,"column":28}}},"22":{"name":"(anonymous_22)","line":264,"loc":{"start":{"line":264,"column":17},"end":{"line":264,"column":29}}},"23":{"name":"(anonymous_23)","line":270,"loc":{"start":{"line":270,"column":15},"end":{"line":270,"column":35}}},"24":{"name":"(anonymous_24)","line":274,"loc":{"start":{"line":274,"column":91},"end":{"line":274,"column":107}}},"25":{"name":"(anonymous_25)","line":285,"loc":{"start":{"line":285,"column":16},"end":{"line":285,"column":32}}},"26":{"name":"(anonymous_26)","line":291,"loc":{"start":{"line":291,"column":54},"end":{"line":291,"column":72}}},"27":{"name":"(anonymous_27)","line":299,"loc":{"start":{"line":299,"column":7},"end":{"line":299,"column":19}}},"28":{"name":"(anonymous_28)","line":302,"loc":{"start":{"line":302,"column":7},"end":{"line":302,"column":25}}},"29":{"name":"(anonymous_29)","line":303,"loc":{"start":{"line":303,"column":46},"end":{"line":303,"column":61}}},"30":{"name":"(anonymous_30)","line":307,"loc":{"start":{"line":307,"column":32},"end":{"line":307,"column":47}}},"31":{"name":"parseHeadings","line":314,"loc":{"start":{"line":314,"column":0},"end":{"line":314,"column":33}}},"32":{"name":"(anonymous_32)","line":317,"loc":{"start":{"line":317,"column":40},"end":{"line":317,"column":56}}},"33":{"name":"(anonymous_33)","line":334,"loc":{"start":{"line":334,"column":28},"end":{"line":334,"column":44}}},"34":{"name":"checkSignature","line":350,"loc":{"start":{"line":350,"column":0},"end":{"line":350,"column":57}}},"35":{"name":"updatePrototype","line":362,"loc":{"start":{"line":362,"column":0},"end":{"line":362,"column":27}}},"36":{"name":"(anonymous_36)","line":364,"loc":{"start":{"line":364,"column":38},"end":{"line":364,"column":53}}},"37":{"name":"(anonymous_37)","line":373,"loc":{"start":{"line":373,"column":17},"end":{"line":373,"column":29}}},"38":{"name":"(anonymous_38)","line":375,"loc":{"start":{"line":375,"column":15},"end":{"line":375,"column":31}}},"39":{"name":"(anonymous_39)","line":376,"loc":{"start":{"line":376,"column":38},"end":{"line":376,"column":54}}},"40":{"name":"(anonymous_40)","line":383,"loc":{"start":{"line":383,"column":18},"end":{"line":383,"column":35}}},"41":{"name":"arrayMethod","line":405,"loc":{"start":{"line":405,"column":0},"end":{"line":405,"column":29}}},"42":{"name":"(anonymous_42)","line":406,"loc":{"start":{"line":406,"column":9},"end":{"line":406,"column":21}}},"43":{"name":"(anonymous_43)","line":408,"loc":{"start":{"line":408,"column":13},"end":{"line":408,"column":29}}},"44":{"name":"(anonymous_44)","line":418,"loc":{"start":{"line":418,"column":23},"end":{"line":418,"column":38}}},"45":{"name":"catchAndSwallow","line":428,"loc":{"start":{"line":428,"column":0},"end":{"line":428,"column":32}}},"46":{"name":"prepareForExport","line":432,"loc":{"start":{"line":432,"column":0},"end":{"line":432,"column":42}}},"47":{"name":"(anonymous_47)","line":434,"loc":{"start":{"line":434,"column":26},"end":{"line":434,"column":45}}},"48":{"name":"(anonymous_48)","line":440,"loc":{"start":{"line":440,"column":26},"end":{"line":440,"column":41}}},"49":{"name":"(anonymous_49)","line":446,"loc":{"start":{"line":446,"column":20},"end":{"line":446,"column":35}}},"50":{"name":"(anonymous_50)","line":447,"loc":{"start":{"line":447,"column":24},"end":{"line":447,"column":49}}},"51":{"name":"bootconfig","line":463,"loc":{"start":{"line":463,"column":0},"end":{"line":463,"column":38}}},"52":{"name":"(anonymous_52)","line":466,"loc":{"start":{"line":466,"column":30},"end":{"line":466,"column":45}}},"53":{"name":"(anonymous_53)","line":470,"loc":{"start":{"line":470,"column":48},"end":{"line":470,"column":66}}},"54":{"name":"(anonymous_54)","line":471,"loc":{"start":{"line":471,"column":23},"end":{"line":471,"column":42}}},"55":{"name":"(anonymous_55)","line":487,"loc":{"start":{"line":487,"column":26},"end":{"line":487,"column":38}}},"56":{"name":"(anonymous_56)","line":489,"loc":{"start":{"line":489,"column":56},"end":{"line":489,"column":71}}},"57":{"name":"(anonymous_57)","line":498,"loc":{"start":{"line":498,"column":22},"end":{"line":498,"column":38}}}},"statementMap":{"1":{"start":{"line":3,"column":0},"end":{"line":3,"column":34}},"2":{"start":{"line":4,"column":0},"end":{"line":4,"column":28}},"3":{"start":{"line":6,"column":0},"end":{"line":6,"column":40}},"4":{"start":{"line":7,"column":0},"end":{"line":7,"column":36}},"5":{"start":{"line":8,"column":0},"end":{"line":8,"column":31}},"6":{"start":{"line":9,"column":0},"end":{"line":9,"column":28}},"7":{"start":{"line":10,"column":0},"end":{"line":10,"column":43}},"8":{"start":{"line":11,"column":0},"end":{"line":11,"column":41}},"9":{"start":{"line":14,"column":0},"end":{"line":44,"column":2}},"10":{"start":{"line":15,"column":2},"end":{"line":17,"column":3}},"11":{"start":{"line":16,"column":4},"end":{"line":16,"column":30}},"12":{"start":{"line":19,"column":2},"end":{"line":19,"column":24}},"13":{"start":{"line":25,"column":2},"end":{"line":25,"column":27}},"14":{"start":{"line":26,"column":2},"end":{"line":26,"column":46}},"15":{"start":{"line":28,"column":2},"end":{"line":28,"column":24}},"16":{"start":{"line":31,"column":2},"end":{"line":31,"column":21}},"17":{"start":{"line":34,"column":2},"end":{"line":34,"column":23}},"18":{"start":{"line":37,"column":2},"end":{"line":37,"column":38}},"19":{"start":{"line":41,"column":2},"end":{"line":41,"column":20}},"20":{"start":{"line":43,"column":2},"end":{"line":43,"column":19}},"21":{"start":{"line":46,"column":0},"end":{"line":46,"column":54}},"22":{"start":{"line":49,"column":0},"end":{"line":49,"column":54}},"23":{"start":{"line":50,"column":0},"end":{"line":50,"column":49}},"24":{"start":{"line":52,"column":0},"end":{"line":52,"column":57}},"25":{"start":{"line":55,"column":0},"end":{"line":55,"column":24}},"26":{"start":{"line":58,"column":0},"end":{"line":58,"column":20}},"27":{"start":{"line":61,"column":0},"end":{"line":61,"column":23}},"28":{"start":{"line":64,"column":0},"end":{"line":64,"column":17}},"29":{"start":{"line":66,"column":0},"end":{"line":145,"column":2}},"30":{"start":{"line":67,"column":2},"end":{"line":69,"column":3}},"31":{"start":{"line":68,"column":4},"end":{"line":68,"column":85}},"32":{"start":{"line":71,"column":2},"end":{"line":71,"column":50}},"33":{"start":{"line":72,"column":2},"end":{"line":72,"column":25}},"34":{"start":{"line":73,"column":2},"end":{"line":73,"column":17}},"35":{"start":{"line":75,"column":2},"end":{"line":83,"column":5}},"36":{"start":{"line":85,"column":2},"end":{"line":85,"column":52}},"37":{"start":{"line":87,"column":2},"end":{"line":89,"column":3}},"38":{"start":{"line":88,"column":4},"end":{"line":88,"column":35}},"39":{"start":{"line":100,"column":2},"end":{"line":144,"column":5}},"40":{"start":{"line":102,"column":4},"end":{"line":111,"column":5}},"41":{"start":{"line":103,"column":6},"end":{"line":103,"column":43}},"42":{"start":{"line":104,"column":6},"end":{"line":110,"column":30}},"43":{"start":{"line":105,"column":8},"end":{"line":105,"column":37}},"44":{"start":{"line":107,"column":8},"end":{"line":107,"column":56}},"45":{"start":{"line":109,"column":8},"end":{"line":109,"column":33}},"46":{"start":{"line":113,"column":4},"end":{"line":113,"column":67}},"47":{"start":{"line":115,"column":4},"end":{"line":143,"column":7}},"48":{"start":{"line":116,"column":6},"end":{"line":137,"column":9}},"49":{"start":{"line":117,"column":8},"end":{"line":136,"column":11}},"50":{"start":{"line":118,"column":10},"end":{"line":118,"column":42}},"51":{"start":{"line":119,"column":10},"end":{"line":119,"column":31}},"52":{"start":{"line":120,"column":10},"end":{"line":120,"column":33}},"53":{"start":{"line":122,"column":10},"end":{"line":124,"column":11}},"54":{"start":{"line":123,"column":12},"end":{"line":123,"column":87}},"55":{"start":{"line":127,"column":10},"end":{"line":127,"column":58}},"56":{"start":{"line":129,"column":10},"end":{"line":129,"column":34}},"57":{"start":{"line":133,"column":10},"end":{"line":133,"column":67}},"58":{"start":{"line":135,"column":10},"end":{"line":135,"column":31}},"59":{"start":{"line":139,"column":6},"end":{"line":141,"column":7}},"60":{"start":{"line":140,"column":8},"end":{"line":140,"column":72}},"61":{"start":{"line":142,"column":6},"end":{"line":142,"column":18}},"62":{"start":{"line":147,"column":0},"end":{"line":151,"column":2}},"63":{"start":{"line":148,"column":2},"end":{"line":148,"column":31}},"64":{"start":{"line":149,"column":2},"end":{"line":149,"column":34}},"65":{"start":{"line":150,"column":2},"end":{"line":150,"column":14}},"66":{"start":{"line":153,"column":0},"end":{"line":156,"column":2}},"67":{"start":{"line":154,"column":2},"end":{"line":154,"column":44}},"68":{"start":{"line":155,"column":2},"end":{"line":155,"column":14}},"69":{"start":{"line":158,"column":0},"end":{"line":162,"column":2}},"70":{"start":{"line":159,"column":2},"end":{"line":161,"column":6}},"71":{"start":{"line":160,"column":4},"end":{"line":160,"column":23}},"72":{"start":{"line":164,"column":0},"end":{"line":252,"column":2}},"73":{"start":{"line":165,"column":2},"end":{"line":165,"column":41}},"74":{"start":{"line":166,"column":2},"end":{"line":168,"column":3}},"75":{"start":{"line":167,"column":4},"end":{"line":167,"column":55}},"76":{"start":{"line":170,"column":2},"end":{"line":172,"column":3}},"77":{"start":{"line":171,"column":4},"end":{"line":171,"column":65}},"78":{"start":{"line":174,"column":2},"end":{"line":174,"column":18}},"79":{"start":{"line":175,"column":2},"end":{"line":177,"column":3}},"80":{"start":{"line":176,"column":4},"end":{"line":176,"column":51}},"81":{"start":{"line":178,"column":2},"end":{"line":178,"column":33}},"82":{"start":{"line":180,"column":2},"end":{"line":182,"column":3}},"83":{"start":{"line":181,"column":4},"end":{"line":181,"column":33}},"84":{"start":{"line":184,"column":2},"end":{"line":251,"column":3}},"85":{"start":{"line":186,"column":4},"end":{"line":186,"column":31}},"86":{"start":{"line":187,"column":4},"end":{"line":187,"column":25}},"87":{"start":{"line":188,"column":4},"end":{"line":191,"column":11}},"88":{"start":{"line":189,"column":6},"end":{"line":189,"column":51}},"89":{"start":{"line":190,"column":6},"end":{"line":190,"column":18}},"90":{"start":{"line":192,"column":4},"end":{"line":192,"column":39}},"91":{"start":{"line":193,"column":4},"end":{"line":197,"column":6}},"92":{"start":{"line":199,"column":4},"end":{"line":218,"column":7}},"93":{"start":{"line":208,"column":6},"end":{"line":217,"column":9}},"94":{"start":{"line":209,"column":8},"end":{"line":214,"column":10}},"95":{"start":{"line":216,"column":8},"end":{"line":216,"column":21}},"96":{"start":{"line":220,"column":4},"end":{"line":220,"column":30}},"97":{"start":{"line":221,"column":4},"end":{"line":221,"column":25}},"98":{"start":{"line":222,"column":4},"end":{"line":250,"column":7}},"99":{"start":{"line":223,"column":6},"end":{"line":223,"column":26}},"100":{"start":{"line":224,"column":6},"end":{"line":224,"column":31}},"101":{"start":{"line":228,"column":6},"end":{"line":231,"column":7}},"102":{"start":{"line":229,"column":8},"end":{"line":229,"column":28}},"103":{"start":{"line":230,"column":8},"end":{"line":230,"column":73}},"104":{"start":{"line":233,"column":6},"end":{"line":233,"column":78}},"105":{"start":{"line":235,"column":6},"end":{"line":238,"column":7}},"106":{"start":{"line":236,"column":8},"end":{"line":236,"column":25}},"107":{"start":{"line":237,"column":8},"end":{"line":237,"column":31}},"108":{"start":{"line":241,"column":6},"end":{"line":241,"column":29}},"109":{"start":{"line":242,"column":6},"end":{"line":242,"column":29}},"110":{"start":{"line":243,"column":6},"end":{"line":249,"column":9}},"111":{"start":{"line":244,"column":8},"end":{"line":244,"column":32}},"112":{"start":{"line":245,"column":8},"end":{"line":247,"column":11}},"113":{"start":{"line":246,"column":10},"end":{"line":246,"column":55}},"114":{"start":{"line":248,"column":8},"end":{"line":248,"column":21}},"115":{"start":{"line":254,"column":0},"end":{"line":257,"column":2}},"116":{"start":{"line":255,"column":2},"end":{"line":255,"column":51}},"117":{"start":{"line":256,"column":2},"end":{"line":256,"column":14}},"118":{"start":{"line":259,"column":0},"end":{"line":262,"column":2}},"119":{"start":{"line":260,"column":2},"end":{"line":260,"column":52}},"120":{"start":{"line":261,"column":2},"end":{"line":261,"column":14}},"121":{"start":{"line":264,"column":0},"end":{"line":267,"column":2}},"122":{"start":{"line":265,"column":2},"end":{"line":265,"column":53}},"123":{"start":{"line":266,"column":2},"end":{"line":266,"column":14}},"124":{"start":{"line":270,"column":0},"end":{"line":283,"column":2}},"125":{"start":{"line":272,"column":2},"end":{"line":272,"column":18}},"126":{"start":{"line":274,"column":2},"end":{"line":281,"column":5}},"127":{"start":{"line":275,"column":4},"end":{"line":279,"column":5}},"128":{"start":{"line":276,"column":6},"end":{"line":276,"column":25}},"129":{"start":{"line":278,"column":6},"end":{"line":278,"column":32}},"130":{"start":{"line":280,"column":4},"end":{"line":280,"column":16}},"131":{"start":{"line":282,"column":2},"end":{"line":282,"column":14}},"132":{"start":{"line":285,"column":0},"end":{"line":288,"column":2}},"133":{"start":{"line":286,"column":2},"end":{"line":286,"column":53}},"134":{"start":{"line":287,"column":2},"end":{"line":287,"column":14}},"135":{"start":{"line":291,"column":0},"end":{"line":293,"column":3}},"136":{"start":{"line":292,"column":2},"end":{"line":292,"column":40}},"137":{"start":{"line":296,"column":0},"end":{"line":296,"column":21}},"138":{"start":{"line":298,"column":0},"end":{"line":311,"column":3}},"139":{"start":{"line":300,"column":4},"end":{"line":300,"column":23}},"140":{"start":{"line":303,"column":4},"end":{"line":305,"column":7}},"141":{"start":{"line":304,"column":6},"end":{"line":304,"column":39}},"142":{"start":{"line":307,"column":4},"end":{"line":309,"column":7}},"143":{"start":{"line":308,"column":6},"end":{"line":308,"column":46}},"144":{"start":{"line":314,"column":0},"end":{"line":348,"column":1}},"145":{"start":{"line":315,"column":2},"end":{"line":326,"column":3}},"146":{"start":{"line":317,"column":4},"end":{"line":325,"column":7}},"147":{"start":{"line":319,"column":6},"end":{"line":319,"column":41}},"148":{"start":{"line":320,"column":6},"end":{"line":320,"column":37}},"149":{"start":{"line":321,"column":6},"end":{"line":321,"column":41}},"150":{"start":{"line":322,"column":6},"end":{"line":322,"column":22}},"151":{"start":{"line":323,"column":6},"end":{"line":323,"column":26}},"152":{"start":{"line":324,"column":6},"end":{"line":324,"column":20}},"153":{"start":{"line":328,"column":2},"end":{"line":330,"column":3}},"154":{"start":{"line":329,"column":4},"end":{"line":329,"column":114}},"155":{"start":{"line":332,"column":2},"end":{"line":345,"column":3}},"156":{"start":{"line":334,"column":4},"end":{"line":344,"column":7}},"157":{"start":{"line":336,"column":6},"end":{"line":336,"column":41}},"158":{"start":{"line":337,"column":6},"end":{"line":337,"column":37}},"159":{"start":{"line":340,"column":6},"end":{"line":340,"column":48}},"160":{"start":{"line":341,"column":6},"end":{"line":341,"column":22}},"161":{"start":{"line":342,"column":6},"end":{"line":342,"column":26}},"162":{"start":{"line":343,"column":6},"end":{"line":343,"column":20}},"163":{"start":{"line":347,"column":2},"end":{"line":347,"column":18}},"164":{"start":{"line":350,"column":0},"end":{"line":360,"column":1}},"165":{"start":{"line":351,"column":2},"end":{"line":351,"column":66}},"166":{"start":{"line":352,"column":2},"end":{"line":352,"column":57}},"167":{"start":{"line":353,"column":2},"end":{"line":357,"column":3}},"168":{"start":{"line":354,"column":4},"end":{"line":354,"column":87}},"169":{"start":{"line":355,"column":9},"end":{"line":357,"column":3}},"170":{"start":{"line":356,"column":4},"end":{"line":356,"column":29}},"171":{"start":{"line":359,"column":2},"end":{"line":359,"column":14}},"172":{"start":{"line":362,"column":0},"end":{"line":403,"column":1}},"173":{"start":{"line":364,"column":2},"end":{"line":402,"column":5}},"174":{"start":{"line":365,"column":4},"end":{"line":367,"column":5}},"175":{"start":{"line":366,"column":6},"end":{"line":366,"column":18}},"176":{"start":{"line":369,"column":4},"end":{"line":371,"column":5}},"177":{"start":{"line":370,"column":6},"end":{"line":370,"column":74}},"178":{"start":{"line":373,"column":4},"end":{"line":397,"column":6}},"179":{"start":{"line":374,"column":6},"end":{"line":374,"column":22}},"180":{"start":{"line":375,"column":6},"end":{"line":386,"column":8}},"181":{"start":{"line":376,"column":8},"end":{"line":385,"column":11}},"182":{"start":{"line":377,"column":10},"end":{"line":377,"column":64}},"183":{"start":{"line":378,"column":10},"end":{"line":380,"column":11}},"184":{"start":{"line":379,"column":12},"end":{"line":379,"column":26}},"185":{"start":{"line":382,"column":10},"end":{"line":382,"column":22}},"186":{"start":{"line":384,"column":10},"end":{"line":384,"column":33}},"187":{"start":{"line":387,"column":6},"end":{"line":387,"column":43}},"188":{"start":{"line":389,"column":6},"end":{"line":395,"column":7}},"189":{"start":{"line":390,"column":8},"end":{"line":390,"column":70}},"190":{"start":{"line":391,"column":8},"end":{"line":394,"column":11}},"191":{"start":{"line":396,"column":6},"end":{"line":396,"column":18}},"192":{"start":{"line":399,"column":4},"end":{"line":399,"column":27}},"193":{"start":{"line":401,"column":4},"end":{"line":401,"column":26}},"194":{"start":{"line":405,"column":0},"end":{"line":426,"column":1}},"195":{"start":{"line":406,"column":2},"end":{"line":425,"column":4}},"196":{"start":{"line":407,"column":4},"end":{"line":407,"column":40}},"197":{"start":{"line":408,"column":4},"end":{"line":413,"column":6}},"198":{"start":{"line":412,"column":6},"end":{"line":412,"column":52}},"199":{"start":{"line":414,"column":4},"end":{"line":414,"column":41}},"200":{"start":{"line":415,"column":4},"end":{"line":423,"column":5}},"201":{"start":{"line":416,"column":6},"end":{"line":422,"column":9}},"202":{"start":{"line":419,"column":10},"end":{"line":419,"column":32}},"203":{"start":{"line":424,"column":4},"end":{"line":424,"column":16}},"204":{"start":{"line":428,"column":0},"end":{"line":430,"column":1}},"205":{"start":{"line":429,"column":2},"end":{"line":429,"column":62}},"206":{"start":{"line":432,"column":0},"end":{"line":461,"column":1}},"207":{"start":{"line":433,"column":2},"end":{"line":433,"column":23}},"208":{"start":{"line":434,"column":2},"end":{"line":438,"column":5}},"209":{"start":{"line":435,"column":4},"end":{"line":435,"column":43}},"210":{"start":{"line":436,"column":4},"end":{"line":436,"column":35}},"211":{"start":{"line":437,"column":4},"end":{"line":437,"column":26}},"212":{"start":{"line":440,"column":2},"end":{"line":455,"column":5}},"213":{"start":{"line":441,"column":4},"end":{"line":444,"column":5}},"214":{"start":{"line":443,"column":6},"end":{"line":443,"column":17}},"215":{"start":{"line":446,"column":4},"end":{"line":454,"column":7}},"216":{"start":{"line":447,"column":6},"end":{"line":453,"column":14}},"217":{"start":{"line":449,"column":8},"end":{"line":451,"column":9}},"218":{"start":{"line":450,"column":10},"end":{"line":450,"column":60}},"219":{"start":{"line":452,"column":8},"end":{"line":452,"column":32}},"220":{"start":{"line":458,"column":2},"end":{"line":458,"column":32}},"221":{"start":{"line":460,"column":2},"end":{"line":460,"column":18}},"222":{"start":{"line":463,"column":0},"end":{"line":520,"column":1}},"223":{"start":{"line":466,"column":2},"end":{"line":519,"column":5}},"224":{"start":{"line":468,"column":4},"end":{"line":468,"column":27}},"225":{"start":{"line":469,"column":4},"end":{"line":518,"column":5}},"226":{"start":{"line":470,"column":6},"end":{"line":517,"column":9}},"227":{"start":{"line":471,"column":8},"end":{"line":515,"column":10}},"228":{"start":{"line":472,"column":10},"end":{"line":474,"column":11}},"229":{"start":{"line":473,"column":12},"end":{"line":473,"column":25}},"230":{"start":{"line":477,"column":10},"end":{"line":477,"column":61}},"231":{"start":{"line":478,"column":10},"end":{"line":478,"column":70}},"232":{"start":{"line":480,"column":10},"end":{"line":480,"column":55}},"233":{"start":{"line":481,"column":10},"end":{"line":481,"column":77}},"234":{"start":{"line":482,"column":10},"end":{"line":482,"column":49}},"235":{"start":{"line":484,"column":10},"end":{"line":484,"column":62}},"236":{"start":{"line":486,"column":10},"end":{"line":512,"column":11}},"237":{"start":{"line":487,"column":12},"end":{"line":502,"column":15}},"238":{"start":{"line":488,"column":14},"end":{"line":488,"column":50}},"239":{"start":{"line":489,"column":14},"end":{"line":501,"column":39}},"240":{"start":{"line":490,"column":16},"end":{"line":490,"column":106}},"241":{"start":{"line":491,"column":16},"end":{"line":493,"column":17}},"242":{"start":{"line":492,"column":18},"end":{"line":492,"column":77}},"243":{"start":{"line":497,"column":16},"end":{"line":497,"column":34}},"244":{"start":{"line":499,"column":16},"end":{"line":499,"column":64}},"245":{"start":{"line":500,"column":16},"end":{"line":500,"column":28}},"246":{"start":{"line":504,"column":12},"end":{"line":511,"column":14}},"247":{"start":{"line":514,"column":10},"end":{"line":514,"column":26}},"248":{"start":{"line":516,"column":8},"end":{"line":516,"column":45}}},"branchMap":{"1":{"line":15,"type":"if","locations":[{"start":{"line":15,"column":2},"end":{"line":15,"column":2}},{"start":{"line":15,"column":2},"end":{"line":15,"column":2}}]},"2":{"line":25,"type":"binary-expr","locations":[{"start":{"line":25,"column":16},"end":{"line":25,"column":20}},{"start":{"line":25,"column":24},"end":{"line":25,"column":26}}]},"3":{"line":67,"type":"if","locations":[{"start":{"line":67,"column":2},"end":{"line":67,"column":2}},{"start":{"line":67,"column":2},"end":{"line":67,"column":2}}]},"4":{"line":71,"type":"binary-expr","locations":[{"start":{"line":71,"column":19},"end":{"line":71,"column":43}},{"start":{"line":71,"column":47},"end":{"line":71,"column":49}}]},"5":{"line":87,"type":"if","locations":[{"start":{"line":87,"column":2},"end":{"line":87,"column":2}},{"start":{"line":87,"column":2},"end":{"line":87,"column":2}}]},"6":{"line":102,"type":"if","locations":[{"start":{"line":102,"column":4},"end":{"line":102,"column":4}},{"start":{"line":102,"column":4},"end":{"line":102,"column":4}}]},"7":{"line":104,"type":"binary-expr","locations":[{"start":{"line":104,"column":27},"end":{"line":104,"column":39}},{"start":{"line":104,"column":43},"end":{"line":104,"column":45}}]},"8":{"line":122,"type":"if","locations":[{"start":{"line":122,"column":10},"end":{"line":122,"column":10}},{"start":{"line":122,"column":10},"end":{"line":122,"column":10}}]},"9":{"line":139,"type":"if","locations":[{"start":{"line":139,"column":6},"end":{"line":139,"column":6}},{"start":{"line":139,"column":6},"end":{"line":139,"column":6}}]},"10":{"line":166,"type":"if","locations":[{"start":{"line":166,"column":2},"end":{"line":166,"column":2}},{"start":{"line":166,"column":2},"end":{"line":166,"column":2}}]},"11":{"line":167,"type":"binary-expr","locations":[{"start":{"line":167,"column":12},"end":{"line":167,"column":20}},{"start":{"line":167,"column":24},"end":{"line":167,"column":26}}]},"12":{"line":170,"type":"if","locations":[{"start":{"line":170,"column":2},"end":{"line":170,"column":2}},{"start":{"line":170,"column":2},"end":{"line":170,"column":2}}]},"13":{"line":175,"type":"if","locations":[{"start":{"line":175,"column":2},"end":{"line":175,"column":2}},{"start":{"line":175,"column":2},"end":{"line":175,"column":2}}]},"14":{"line":180,"type":"if","locations":[{"start":{"line":180,"column":2},"end":{"line":180,"column":2}},{"start":{"line":180,"column":2},"end":{"line":180,"column":2}}]},"15":{"line":184,"type":"if","locations":[{"start":{"line":184,"column":2},"end":{"line":184,"column":2}},{"start":{"line":184,"column":2},"end":{"line":184,"column":2}}]},"16":{"line":192,"type":"binary-expr","locations":[{"start":{"line":192,"column":22},"end":{"line":192,"column":30}},{"start":{"line":192,"column":34},"end":{"line":192,"column":38}}]},"17":{"line":208,"type":"cond-expr","locations":[{"start":{"line":208,"column":28},"end":{"line":208,"column":34}},{"start":{"line":208,"column":37},"end":{"line":208,"column":43}}]},"18":{"line":228,"type":"if","locations":[{"start":{"line":228,"column":6},"end":{"line":228,"column":6}},{"start":{"line":228,"column":6},"end":{"line":228,"column":6}}]},"19":{"line":228,"type":"binary-expr","locations":[{"start":{"line":228,"column":10},"end":{"line":228,"column":19}},{"start":{"line":228,"column":23},"end":{"line":228,"column":34}},{"start":{"line":228,"column":38},"end":{"line":228,"column":65}}]},"20":{"line":233,"type":"cond-expr","locations":[{"start":{"line":233,"column":32},"end":{"line":233,"column":70}},{"start":{"line":233,"column":73},"end":{"line":233,"column":77}}]},"21":{"line":233,"type":"binary-expr","locations":[{"start":{"line":233,"column":55},"end":{"line":233,"column":63}},{"start":{"line":233,"column":67},"end":{"line":233,"column":69}}]},"22":{"line":235,"type":"if","locations":[{"start":{"line":235,"column":6},"end":{"line":235,"column":6}},{"start":{"line":235,"column":6},"end":{"line":235,"column":6}}]},"23":{"line":274,"type":"cond-expr","locations":[{"start":{"line":274,"column":57},"end":{"line":274,"column":72}},{"start":{"line":274,"column":75},"end":{"line":274,"column":84}}]},"24":{"line":275,"type":"if","locations":[{"start":{"line":275,"column":4},"end":{"line":275,"column":4}},{"start":{"line":275,"column":4},"end":{"line":275,"column":4}}]},"25":{"line":315,"type":"if","locations":[{"start":{"line":315,"column":2},"end":{"line":315,"column":2}},{"start":{"line":315,"column":2},"end":{"line":315,"column":2}}]},"26":{"line":328,"type":"if","locations":[{"start":{"line":328,"column":2},"end":{"line":328,"column":2}},{"start":{"line":328,"column":2},"end":{"line":328,"column":2}}]},"27":{"line":332,"type":"if","locations":[{"start":{"line":332,"column":2},"end":{"line":332,"column":2}},{"start":{"line":332,"column":2},"end":{"line":332,"column":2}}]},"28":{"line":340,"type":"binary-expr","locations":[{"start":{"line":340,"column":18},"end":{"line":340,"column":40}},{"start":{"line":340,"column":44},"end":{"line":340,"column":47}}]},"29":{"line":353,"type":"if","locations":[{"start":{"line":353,"column":2},"end":{"line":353,"column":2}},{"start":{"line":353,"column":2},"end":{"line":353,"column":2}}]},"30":{"line":353,"type":"binary-expr","locations":[{"start":{"line":353,"column":6},"end":{"line":353,"column":16}},{"start":{"line":353,"column":20},"end":{"line":353,"column":51}}]},"31":{"line":355,"type":"if","locations":[{"start":{"line":355,"column":9},"end":{"line":355,"column":9}},{"start":{"line":355,"column":9},"end":{"line":355,"column":9}}]},"32":{"line":365,"type":"if","locations":[{"start":{"line":365,"column":4},"end":{"line":365,"column":4}},{"start":{"line":365,"column":4},"end":{"line":365,"column":4}}]},"33":{"line":365,"type":"binary-expr","locations":[{"start":{"line":365,"column":8},"end":{"line":365,"column":20}},{"start":{"line":365,"column":24},"end":{"line":365,"column":45}}]},"34":{"line":369,"type":"if","locations":[{"start":{"line":369,"column":4},"end":{"line":369,"column":4}},{"start":{"line":369,"column":4},"end":{"line":369,"column":4}}]},"35":{"line":378,"type":"if","locations":[{"start":{"line":378,"column":10},"end":{"line":378,"column":10}},{"start":{"line":378,"column":10},"end":{"line":378,"column":10}}]},"36":{"line":389,"type":"if","locations":[{"start":{"line":389,"column":6},"end":{"line":389,"column":6}},{"start":{"line":389,"column":6},"end":{"line":389,"column":6}}]},"37":{"line":415,"type":"if","locations":[{"start":{"line":415,"column":4},"end":{"line":415,"column":4}},{"start":{"line":415,"column":4},"end":{"line":415,"column":4}}]},"38":{"line":441,"type":"if","locations":[{"start":{"line":441,"column":4},"end":{"line":441,"column":4}},{"start":{"line":441,"column":4},"end":{"line":441,"column":4}}]},"39":{"line":449,"type":"if","locations":[{"start":{"line":449,"column":8},"end":{"line":449,"column":8}},{"start":{"line":449,"column":8},"end":{"line":449,"column":8}}]},"40":{"line":450,"type":"cond-expr","locations":[{"start":{"line":450,"column":44},"end":{"line":450,"column":46}},{"start":{"line":450,"column":49},"end":{"line":450,"column":59}}]},"41":{"line":452,"type":"binary-expr","locations":[{"start":{"line":452,"column":15},"end":{"line":452,"column":25}},{"start":{"line":452,"column":29},"end":{"line":452,"column":31}}]},"42":{"line":469,"type":"if","locations":[{"start":{"line":469,"column":4},"end":{"line":469,"column":4}},{"start":{"line":469,"column":4},"end":{"line":469,"column":4}}]},"43":{"line":469,"type":"binary-expr","locations":[{"start":{"line":469,"column":8},"end":{"line":469,"column":39}},{"start":{"line":469,"column":43},"end":{"line":469,"column":63}}]},"44":{"line":472,"type":"if","locations":[{"start":{"line":472,"column":10},"end":{"line":472,"column":10}},{"start":{"line":472,"column":10},"end":{"line":472,"column":10}}]},"45":{"line":477,"type":"binary-expr","locations":[{"start":{"line":477,"column":23},"end":{"line":477,"column":42}},{"start":{"line":477,"column":46},"end":{"line":477,"column":60}}]},"46":{"line":478,"type":"binary-expr","locations":[{"start":{"line":478,"column":23},"end":{"line":478,"column":42}},{"start":{"line":478,"column":46},"end":{"line":478,"column":60}},{"start":{"line":478,"column":64},"end":{"line":478,"column":69}}]},"47":{"line":480,"type":"binary-expr","locations":[{"start":{"line":480,"column":21},"end":{"line":480,"column":38}},{"start":{"line":480,"column":42},"end":{"line":480,"column":54}}]},"48":{"line":481,"type":"binary-expr","locations":[{"start":{"line":481,"column":21},"end":{"line":481,"column":38}},{"start":{"line":481,"column":42},"end":{"line":481,"column":44}}]},"49":{"line":484,"type":"binary-expr","locations":[{"start":{"line":484,"column":24},"end":{"line":484,"column":40}},{"start":{"line":484,"column":44},"end":{"line":484,"column":61}}]},"50":{"line":486,"type":"if","locations":[{"start":{"line":486,"column":10},"end":{"line":486,"column":10}},{"start":{"line":486,"column":10},"end":{"line":486,"column":10}}]},"51":{"line":491,"type":"if","locations":[{"start":{"line":491,"column":16},"end":{"line":491,"column":16}},{"start":{"line":491,"column":16},"end":{"line":491,"column":16}}]}}},"/Users/remy/Sites/exporter/lib/interpolate.js":{"path":"/Users/remy/Sites/exporter/lib/interpolate.js","s":{"1":1,"2":1,"3":20,"4":3,"5":20,"6":33,"7":33,"8":33,"9":63,"10":63,"11":18,"12":45,"13":16,"14":63,"15":1,"16":63,"17":63,"18":66,"19":21,"20":45,"21":1,"22":63},"b":{"1":[3,17],"2":[20,0],"3":[18,45],"4":[16,29],"5":[21,45],"6":[66,66]},"f":{"1":20,"2":33,"3":63,"4":63,"5":66,"6":63},"fnMap":{"1":{"name":"interpolate","line":5,"loc":{"start":{"line":5,"column":0},"end":{"line":5,"column":37}}},"2":{"name":"(anonymous_2)","line":10,"loc":{"start":{"line":10,"column":46},"end":{"line":10,"column":68}}},"3":{"name":"(anonymous_3)","line":14,"loc":{"start":{"line":14,"column":24},"end":{"line":14,"column":46}}},"4":{"name":"pluck","line":26,"loc":{"start":{"line":26,"column":0},"end":{"line":26,"column":29}}},"5":{"name":"(anonymous_5)","line":28,"loc":{"start":{"line":28,"column":21},"end":{"line":28,"column":43}}},"6":{"name":"trim","line":36,"loc":{"start":{"line":36,"column":0},"end":{"line":36,"column":17}}}},"statementMap":{"1":{"start":{"line":2,"column":0},"end":{"line":2,"column":29}},"2":{"start":{"line":5,"column":0},"end":{"line":24,"column":1}},"3":{"start":{"line":6,"column":2},"end":{"line":8,"column":3}},"4":{"start":{"line":7,"column":4},"end":{"line":7,"column":16}},"5":{"start":{"line":10,"column":2},"end":{"line":23,"column":5}},"6":{"start":{"line":11,"column":4},"end":{"line":11,"column":33}},"7":{"start":{"line":12,"column":4},"end":{"line":12,"column":41}},"8":{"start":{"line":14,"column":4},"end":{"line":22,"column":11}},"9":{"start":{"line":15,"column":6},"end":{"line":15,"column":38}},"10":{"start":{"line":16,"column":6},"end":{"line":20,"column":7}},"11":{"start":{"line":17,"column":8},"end":{"line":17,"column":21}},"12":{"start":{"line":18,"column":13},"end":{"line":20,"column":7}},"13":{"start":{"line":19,"column":8},"end":{"line":19,"column":39}},"14":{"start":{"line":21,"column":6},"end":{"line":21,"column":18}},"15":{"start":{"line":26,"column":0},"end":{"line":34,"column":1}},"16":{"start":{"line":27,"column":2},"end":{"line":27,"column":25}},"17":{"start":{"line":28,"column":2},"end":{"line":33,"column":13}},"18":{"start":{"line":29,"column":4},"end":{"line":31,"column":5}},"19":{"start":{"line":30,"column":6},"end":{"line":30,"column":24}},"20":{"start":{"line":32,"column":4},"end":{"line":32,"column":21}},"21":{"start":{"line":36,"column":0},"end":{"line":38,"column":1}},"22":{"start":{"line":37,"column":2},"end":{"line":37,"column":18}}},"branchMap":{"1":{"line":6,"type":"if","locations":[{"start":{"line":6,"column":2},"end":{"line":6,"column":2}},{"start":{"line":6,"column":2},"end":{"line":6,"column":2}}]},"2":{"line":10,"type":"binary-expr","locations":[{"start":{"line":10,"column":10},"end":{"line":10,"column":16}},{"start":{"line":10,"column":20},"end":{"line":10,"column":22}}]},"3":{"line":16,"type":"if","locations":[{"start":{"line":16,"column":6},"end":{"line":16,"column":6}},{"start":{"line":16,"column":6},"end":{"line":16,"column":6}}]},"4":{"line":18,"type":"if","locations":[{"start":{"line":18,"column":13},"end":{"line":18,"column":13}},{"start":{"line":18,"column":13},"end":{"line":18,"column":13}}]},"5":{"line":29,"type":"if","locations":[{"start":{"line":29,"column":4},"end":{"line":29,"column":4}},{"start":{"line":29,"column":4},"end":{"line":29,"column":4}}]},"6":{"line":29,"type":"binary-expr","locations":[{"start":{"line":29,"column":8},"end":{"line":29,"column":12}},{"start":{"line":29,"column":16},"end":{"line":29,"column":26}}]}}},"/Users/remy/Sites/exporter/lib/engines/index.js":{"path":"/Users/remy/Sites/exporter/lib/engines/index.js","s":{"1":1},"b":{},"f":{},"fnMap":{},"statementMap":{"1":{"start":{"line":1,"column":0},"end":{"line":4,"column":1}}},"branchMap":{}},"/Users/remy/Sites/exporter/lib/engines/couch-csv.js":{"path":"/Users/remy/Sites/exporter/lib/engines/couch-csv.js","s":{"1":1,"2":1,"3":1,"4":1,"5":1},"b":{"1":[1,0]},"f":{"1":1,"2":1},"fnMap":{"1":{"name":"parse","line":4,"loc":{"start":{"line":4,"column":0},"end":{"line":4,"column":21}}},"2":{"name":"(anonymous_2)","line":5,"loc":{"start":{"line":5,"column":21},"end":{"line":5,"column":40}}}},"statementMap":{"1":{"start":{"line":2,"column":0},"end":{"line":2,"column":55}},"2":{"start":{"line":4,"column":0},"end":{"line":8,"column":1}},"3":{"start":{"line":5,"column":2},"end":{"line":7,"column":5}},"4":{"start":{"line":6,"column":4},"end":{"line":6,"column":23}},"5":{"start":{"line":10,"column":0},"end":{"line":14,"column":2}}},"branchMap":{"1":{"line":2,"type":"binary-expr","locations":[{"start":{"line":2,"column":14},"end":{"line":2,"column":28}},{"start":{"line":2,"column":32},"end":{"line":2,"column":54}}]}}},"/Users/remy/Sites/exporter/lib/engines/elasticsearch.js":{"path":"/Users/remy/Sites/exporter/lib/engines/elasticsearch.js","s":{"1":1,"2":1,"3":8,"4":8,"5":0,"6":8,"7":0,"8":8,"9":35,"10":35,"11":21,"12":20,"13":1,"14":14,"15":338,"16":338,"17":291,"18":291,"19":291,"20":603,"21":291,"22":47,"23":14,"24":8,"25":35,"26":1},"b":{"1":[1,0],"2":[0,8],"3":[0,8],"4":[21,14],"5":[20,1],"6":[291,47],"7":[603,147]},"f":{"1":8,"2":8,"3":35,"4":338,"5":35},"fnMap":{"1":{"name":"parse","line":4,"loc":{"start":{"line":4,"column":0},"end":{"line":4,"column":21}}},"2":{"name":"(anonymous_2)","line":5,"loc":{"start":{"line":5,"column":21},"end":{"line":5,"column":48}}},"3":{"name":"(anonymous_3)","line":16,"loc":{"start":{"line":16,"column":37},"end":{"line":16,"column":53}}},"4":{"name":"(anonymous_4)","line":29,"loc":{"start":{"line":29,"column":39},"end":{"line":29,"column":54}}},"5":{"name":"(anonymous_5)","line":50,"loc":{"start":{"line":50,"column":27},"end":{"line":50,"column":45}}}},"statementMap":{"1":{"start":{"line":2,"column":0},"end":{"line":2,"column":55}},"2":{"start":{"line":4,"column":0},"end":{"line":54,"column":1}},"3":{"start":{"line":5,"column":2},"end":{"line":53,"column":5}},"4":{"start":{"line":6,"column":4},"end":{"line":8,"column":5}},"5":{"start":{"line":7,"column":6},"end":{"line":7,"column":64}},"6":{"start":{"line":10,"column":4},"end":{"line":12,"column":5}},"7":{"start":{"line":11,"column":6},"end":{"line":11,"column":18}},"8":{"start":{"line":16,"column":4},"end":{"line":48,"column":7}},"9":{"start":{"line":17,"column":6},"end":{"line":17,"column":22}},"10":{"start":{"line":21,"column":6},"end":{"line":27,"column":7}},"11":{"start":{"line":22,"column":8},"end":{"line":26,"column":9}},"12":{"start":{"line":23,"column":10},"end":{"line":23,"column":30}},"13":{"start":{"line":25,"column":10},"end":{"line":25,"column":23}},"14":{"start":{"line":29,"column":6},"end":{"line":46,"column":9}},"15":{"start":{"line":30,"column":8},"end":{"line":30,"column":43}},"16":{"start":{"line":31,"column":8},"end":{"line":45,"column":9}},"17":{"start":{"line":36,"column":10},"end":{"line":36,"column":34}},"18":{"start":{"line":37,"column":10},"end":{"line":37,"column":25}},"19":{"start":{"line":38,"column":10},"end":{"line":40,"column":11}},"20":{"start":{"line":39,"column":12},"end":{"line":39,"column":42}},"21":{"start":{"line":42,"column":10},"end":{"line":42,"column":27}},"22":{"start":{"line":44,"column":10},"end":{"line":44,"column":30}},"23":{"start":{"line":47,"column":6},"end":{"line":47,"column":20}},"24":{"start":{"line":50,"column":4},"end":{"line":52,"column":8}},"25":{"start":{"line":51,"column":6},"end":{"line":51,"column":22}},"26":{"start":{"line":56,"column":0},"end":{"line":60,"column":2}}},"branchMap":{"1":{"line":2,"type":"binary-expr","locations":[{"start":{"line":2,"column":14},"end":{"line":2,"column":28}},{"start":{"line":2,"column":32},"end":{"line":2,"column":54}}]},"2":{"line":6,"type":"if","locations":[{"start":{"line":6,"column":4},"end":{"line":6,"column":4}},{"start":{"line":6,"column":4},"end":{"line":6,"column":4}}]},"3":{"line":10,"type":"if","locations":[{"start":{"line":10,"column":4},"end":{"line":10,"column":4}},{"start":{"line":10,"column":4},"end":{"line":10,"column":4}}]},"4":{"line":21,"type":"if","locations":[{"start":{"line":21,"column":6},"end":{"line":21,"column":6}},{"start":{"line":21,"column":6},"end":{"line":21,"column":6}}]},"5":{"line":22,"type":"if","locations":[{"start":{"line":22,"column":8},"end":{"line":22,"column":8}},{"start":{"line":22,"column":8},"end":{"line":22,"column":8}}]},"6":{"line":31,"type":"if","locations":[{"start":{"line":31,"column":8},"end":{"line":31,"column":8}},{"start":{"line":31,"column":8},"end":{"line":31,"column":8}}]},"7":{"line":39,"type":"binary-expr","locations":[{"start":{"line":39,"column":27},"end":{"line":39,"column":35}},{"start":{"line":39,"column":39},"end":{"line":39,"column":41}}]}}},"/Users/remy/Sites/exporter/lib/save/index.js":{"path":"/Users/remy/Sites/exporter/lib/save/index.js","s":{"1":1,"2":1,"3":1,"4":1,"5":0,"6":0,"7":0,"8":0,"9":1,"10":1,"11":1,"12":13,"13":0,"14":2,"15":1,"16":3,"17":13,"18":13,"19":13,"20":1},"b":{"1":[1,0],"2":[1,0,0],"3":[1,0],"4":[1,1],"5":[0,13],"6":[2,11],"7":[2,11]},"f":{"1":0,"2":1,"3":13,"4":0,"5":2,"6":3,"7":13,"8":13},"fnMap":{"1":{"name":"(anonymous_1)","line":8,"loc":{"start":{"line":8,"column":53},"end":{"line":8,"column":65}}},"2":{"name":"saveAs","line":18,"loc":{"start":{"line":18,"column":0},"end":{"line":18,"column":37}}},"3":{"name":"saver","line":24,"loc":{"start":{"line":24,"column":0},"end":{"line":24,"column":36}}},"4":{"name":"(anonymous_4)","line":30,"loc":{"start":{"line":30,"column":62},"end":{"line":30,"column":74}}},"5":{"name":"(anonymous_5)","line":33,"loc":{"start":{"line":33,"column":49},"end":{"line":33,"column":67}}},"6":{"name":"createSaver","line":39,"loc":{"start":{"line":39,"column":0},"end":{"line":39,"column":26}}},"7":{"name":"(anonymous_7)","line":40,"loc":{"start":{"line":40,"column":9},"end":{"line":40,"column":35}}},"8":{"name":"(anonymous_8)","line":42,"loc":{"start":{"line":42,"column":44},"end":{"line":42,"column":60}}}},"statementMap":{"1":{"start":{"line":2,"column":0},"end":{"line":2,"column":50}},"2":{"start":{"line":3,"column":0},"end":{"line":3,"column":23}},"3":{"start":{"line":5,"column":0},"end":{"line":5,"column":56}},"4":{"start":{"line":7,"column":0},"end":{"line":16,"column":1}},"5":{"start":{"line":9,"column":4},"end":{"line":14,"column":5}},"6":{"start":{"line":10,"column":6},"end":{"line":10,"column":17}},"7":{"start":{"line":11,"column":6},"end":{"line":11,"column":17}},"8":{"start":{"line":13,"column":6},"end":{"line":13,"column":18}},"9":{"start":{"line":18,"column":0},"end":{"line":22,"column":1}},"10":{"start":{"line":19,"column":2},"end":{"line":21,"column":41}},"11":{"start":{"line":24,"column":0},"end":{"line":37,"column":1}},"12":{"start":{"line":25,"column":2},"end":{"line":36,"column":4}},"13":{"start":{"line":31,"column":6},"end":{"line":31,"column":35}},"14":{"start":{"line":34,"column":6},"end":{"line":34,"column":56}},"15":{"start":{"line":39,"column":0},"end":{"line":46,"column":1}},"16":{"start":{"line":40,"column":2},"end":{"line":45,"column":3}},"17":{"start":{"line":41,"column":4},"end":{"line":41,"column":41}},"18":{"start":{"line":42,"column":4},"end":{"line":44,"column":7}},"19":{"start":{"line":43,"column":6},"end":{"line":43,"column":40}},"20":{"start":{"line":48,"column":0},"end":{"line":52,"column":2}}},"branchMap":{"1":{"line":5,"type":"cond-expr","locations":[{"start":{"line":5,"column":42},"end":{"line":5,"column":48}},{"start":{"line":5,"column":51},"end":{"line":5,"column":55}}]},"2":{"line":8,"type":"binary-expr","locations":[{"start":{"line":8,"column":8},"end":{"line":8,"column":29}},{"start":{"line":8,"column":33},"end":{"line":8,"column":48}},{"start":{"line":8,"column":52},"end":{"line":15,"column":6}}]},"3":{"line":19,"type":"binary-expr","locations":[{"start":{"line":19,"column":22},"end":{"line":19,"column":30}},{"start":{"line":19,"column":34},"end":{"line":19,"column":46}}]},"4":{"line":20,"type":"binary-expr","locations":[{"start":{"line":20,"column":5},"end":{"line":20,"column":16}},{"start":{"line":20,"column":20},"end":{"line":20,"column":27}}]},"5":{"line":26,"type":"cond-expr","locations":[{"start":{"line":26,"column":25},"end":{"line":26,"column":41}},{"start":{"line":26,"column":44},"end":{"line":26,"column":48}}]},"6":{"line":30,"type":"cond-expr","locations":[{"start":{"line":30,"column":23},"end":{"line":30,"column":59}},{"start":{"line":30,"column":62},"end":{"line":32,"column":5}}]},"7":{"line":33,"type":"cond-expr","locations":[{"start":{"line":33,"column":21},"end":{"line":33,"column":46}},{"start":{"line":33,"column":49},"end":{"line":35,"column":5}}]}}},"/Users/remy/Sites/exporter/lib/save/_bufferToStream.js":{"path":"/Users/remy/Sites/exporter/lib/save/_bufferToStream.js","s":{"1":1,"2":1,"3":1,"4":2,"5":0,"6":2,"7":2,"8":2,"9":2,"10":2,"11":1,"12":1,"13":2,"14":2,"15":2,"16":1,"17":2,"18":2,"19":2,"20":2,"21":2,"22":1},"b":{"1":[0,2],"2":[2,0],"3":[2,0]},"f":{"1":2,"2":2,"3":2},"fnMap":{"1":{"name":"BufferStream","line":5,"loc":{"start":{"line":5,"column":0},"end":{"line":5,"column":30}}},"2":{"name":"(anonymous_2)","line":27,"loc":{"start":{"line":27,"column":34},"end":{"line":27,"column":46}}},"3":{"name":"(anonymous_3)","line":34,"loc":{"start":{"line":34,"column":31},"end":{"line":34,"column":47}}}},"statementMap":{"1":{"start":{"line":1,"column":0},"end":{"line":1,"column":27}},"2":{"start":{"line":2,"column":0},"end":{"line":2,"column":31}},"3":{"start":{"line":5,"column":0},"end":{"line":22,"column":1}},"4":{"start":{"line":6,"column":2},"end":{"line":8,"column":3}},"5":{"start":{"line":7,"column":4},"end":{"line":7,"column":49}},"6":{"start":{"line":11,"column":2},"end":{"line":11,"column":29}},"7":{"start":{"line":13,"column":2},"end":{"line":13,"column":24}},"8":{"start":{"line":17,"column":2},"end":{"line":17,"column":19}},"9":{"start":{"line":18,"column":2},"end":{"line":18,"column":31}},"10":{"start":{"line":21,"column":2},"end":{"line":21,"column":32}},"11":{"start":{"line":24,"column":0},"end":{"line":24,"column":45}},"12":{"start":{"line":27,"column":0},"end":{"line":31,"column":2}},"13":{"start":{"line":28,"column":2},"end":{"line":28,"column":22}},"14":{"start":{"line":29,"column":2},"end":{"line":29,"column":22}},"15":{"start":{"line":30,"column":2},"end":{"line":30,"column":22}},"16":{"start":{"line":34,"column":0},"end":{"line":46,"column":2}},"17":{"start":{"line":37,"column":2},"end":{"line":40,"column":3}},"18":{"start":{"line":38,"column":4},"end":{"line":38,"column":71}},"19":{"start":{"line":39,"column":4},"end":{"line":39,"column":25}},"20":{"start":{"line":43,"column":2},"end":{"line":45,"column":3}},"21":{"start":{"line":44,"column":4},"end":{"line":44,"column":20}},"22":{"start":{"line":48,"column":0},"end":{"line":48,"column":30}}},"branchMap":{"1":{"line":6,"type":"if","locations":[{"start":{"line":6,"column":2},"end":{"line":6,"column":2}},{"start":{"line":6,"column":2},"end":{"line":6,"column":2}}]},"2":{"line":37,"type":"if","locations":[{"start":{"line":37,"column":2},"end":{"line":37,"column":2}},{"start":{"line":37,"column":2},"end":{"line":37,"column":2}}]},"3":{"line":43,"type":"if","locations":[{"start":{"line":43,"column":2},"end":{"line":43,"column":2}},{"start":{"line":43,"column":2},"end":{"line":43,"column":2}}]}}},"/Users/remy/Sites/exporter/lib/save/csv.js":{"path":"/Users/remy/Sites/exporter/lib/save/csv.js","s":{"1":1,"2":9,"3":6,"4":9,"5":9,"6":37,"7":1},"b":{"1":[6,3]},"f":{"1":9,"2":9,"3":37},"fnMap":{"1":{"name":"parse","line":3,"loc":{"start":{"line":3,"column":0},"end":{"line":3,"column":36}}},"2":{"name":"(anonymous_2)","line":9,"loc":{"start":{"line":9,"column":21},"end":{"line":9,"column":40}}},"3":{"name":"(anonymous_3)","line":10,"loc":{"start":{"line":10,"column":21},"end":{"line":10,"column":36}}}},"statementMap":{"1":{"start":{"line":3,"column":0},"end":{"line":14,"column":1}},"2":{"start":{"line":4,"column":2},"end":{"line":6,"column":3}},"3":{"start":{"line":5,"column":4},"end":{"line":5,"column":14}},"4":{"start":{"line":9,"column":2},"end":{"line":13,"column":5}},"5":{"start":{"line":10,"column":4},"end":{"line":12,"column":19}},"6":{"start":{"line":11,"column":6},"end":{"line":11,"column":27}},"7":{"start":{"line":16,"column":0},"end":{"line":21,"column":2}}},"branchMap":{"1":{"line":4,"type":"if","locations":[{"start":{"line":4,"column":2},"end":{"line":4,"column":2}},{"start":{"line":4,"column":2},"end":{"line":4,"column":2}}]}}},"/Users/remy/Sites/exporter/lib/save/json.js":{"path":"/Users/remy/Sites/exporter/lib/save/json.js","s":{"1":1,"2":2,"3":2,"4":1},"b":{},"f":{"1":2,"2":2},"fnMap":{"1":{"name":"parse","line":3,"loc":{"start":{"line":3,"column":0},"end":{"line":3,"column":21}}},"2":{"name":"(anonymous_2)","line":4,"loc":{"start":{"line":4,"column":21},"end":{"line":4,"column":40}}}},"statementMap":{"1":{"start":{"line":3,"column":0},"end":{"line":7,"column":1}},"2":{"start":{"line":4,"column":2},"end":{"line":6,"column":5}},"3":{"start":{"line":5,"column":4},"end":{"line":5,"column":34}},"4":{"start":{"line":9,"column":0},"end":{"line":14,"column":2}}},"branchMap":{}},"/Users/remy/Sites/exporter/lib/save/xlsx.js":{"path":"/Users/remy/Sites/exporter/lib/save/xlsx.js","s":{"1":1,"2":1,"3":1,"4":1,"5":2,"6":2,"7":2,"8":2,"9":4,"10":2,"11":4,"12":2,"13":4,"14":0,"15":4,"16":2,"17":4,"18":4,"19":0,"20":4,"21":4,"22":0,"23":4,"24":0,"25":4,"26":0,"27":0,"28":0,"29":4,"30":4,"31":2,"32":2,"33":2,"34":1,"35":0,"36":0,"37":0,"38":0,"39":0,"40":0,"41":0,"42":1,"43":0,"44":0,"45":0,"46":0,"47":0,"48":1,"49":2,"50":2,"51":0,"52":2,"53":2,"54":0,"55":2,"56":2,"57":2,"58":2,"59":2,"60":1,"61":2,"62":0,"63":2,"64":2,"65":1},"b":{"1":[1,1],"2":[2,2],"3":[2,2],"4":[0,4],"5":[2,2],"6":[0,4],"7":[0,4],"8":[0,4],"9":[0,4],"10":[2,0],"11":[0,2],"12":[0,2],"13":[0,2]},"f":{"1":2,"2":0,"3":0,"4":2,"5":2,"6":2},"fnMap":{"1":{"name":"sheetFromArrayOfArrays","line":10,"loc":{"start":{"line":10,"column":0},"end":{"line":10,"column":38}}},"2":{"name":"s2ab","line":42,"loc":{"start":{"line":42,"column":0},"end":{"line":42,"column":17}}},"3":{"name":"pipe","line":55,"loc":{"start":{"line":55,"column":0},"end":{"line":55,"column":28}}},"4":{"name":"parse","line":71,"loc":{"start":{"line":71,"column":0},"end":{"line":71,"column":31}}},"5":{"name":"(anonymous_5)","line":77,"loc":{"start":{"line":77,"column":21},"end":{"line":77,"column":48}}},"6":{"name":"write","line":94,"loc":{"start":{"line":94,"column":0},"end":{"line":94,"column":38}}}},"statementMap":{"1":{"start":{"line":1,"column":0},"end":{"line":1,"column":42}},"2":{"start":{"line":2,"column":0},"end":{"line":2,"column":50}},"3":{"start":{"line":3,"column":0},"end":{"line":3,"column":46}},"4":{"start":{"line":10,"column":0},"end":{"line":40,"column":1}},"5":{"start":{"line":11,"column":2},"end":{"line":11,"column":14}},"6":{"start":{"line":12,"column":2},"end":{"line":12,"column":64}},"7":{"start":{"line":13,"column":2},"end":{"line":37,"column":3}},"8":{"start":{"line":14,"column":4},"end":{"line":36,"column":5}},"9":{"start":{"line":15,"column":6},"end":{"line":15,"column":39}},"10":{"start":{"line":15,"column":25},"end":{"line":15,"column":39}},"11":{"start":{"line":16,"column":6},"end":{"line":16,"column":39}},"12":{"start":{"line":16,"column":25},"end":{"line":16,"column":39}},"13":{"start":{"line":17,"column":6},"end":{"line":17,"column":39}},"14":{"start":{"line":17,"column":25},"end":{"line":17,"column":39}},"15":{"start":{"line":18,"column":6},"end":{"line":18,"column":39}},"16":{"start":{"line":18,"column":25},"end":{"line":18,"column":39}},"17":{"start":{"line":19,"column":6},"end":{"line":19,"column":34}},"18":{"start":{"line":20,"column":6},"end":{"line":20,"column":35}},"19":{"start":{"line":20,"column":26},"end":{"line":20,"column":35}},"20":{"start":{"line":21,"column":6},"end":{"line":21,"column":58}},"21":{"start":{"line":24,"column":6},"end":{"line":33,"column":7}},"22":{"start":{"line":25,"column":8},"end":{"line":25,"column":21}},"23":{"start":{"line":26,"column":13},"end":{"line":33,"column":7}},"24":{"start":{"line":27,"column":8},"end":{"line":27,"column":21}},"25":{"start":{"line":28,"column":13},"end":{"line":33,"column":7}},"26":{"start":{"line":29,"column":8},"end":{"line":29,"column":21}},"27":{"start":{"line":29,"column":22},"end":{"line":29,"column":51}},"28":{"start":{"line":30,"column":8},"end":{"line":30,"column":38}},"29":{"start":{"line":32,"column":8},"end":{"line":32,"column":21}},"30":{"start":{"line":35,"column":6},"end":{"line":35,"column":26}},"31":{"start":{"line":38,"column":2},"end":{"line":38,"column":72}},"32":{"start":{"line":38,"column":28},"end":{"line":38,"column":72}},"33":{"start":{"line":39,"column":2},"end":{"line":39,"column":12}},"34":{"start":{"line":42,"column":0},"end":{"line":53,"column":1}},"35":{"start":{"line":43,"column":2},"end":{"line":43,"column":22}},"36":{"start":{"line":44,"column":2},"end":{"line":44,"column":38}},"37":{"start":{"line":45,"column":2},"end":{"line":45,"column":42}},"38":{"start":{"line":46,"column":2},"end":{"line":48,"column":3}},"39":{"start":{"line":47,"column":4},"end":{"line":47,"column":39}},"40":{"start":{"line":50,"column":2},"end":{"line":50,"column":25}},"41":{"start":{"line":52,"column":2},"end":{"line":52,"column":16}},"42":{"start":{"line":55,"column":0},"end":{"line":69,"column":1}},"43":{"start":{"line":56,"column":2},"end":{"line":56,"column":22}},"44":{"start":{"line":57,"column":2},"end":{"line":63,"column":6}},"45":{"start":{"line":65,"column":2},"end":{"line":65,"column":31}},"46":{"start":{"line":67,"column":2},"end":{"line":67,"column":41}},"47":{"start":{"line":68,"column":2},"end":{"line":68,"column":14}},"48":{"start":{"line":71,"column":0},"end":{"line":92,"column":1}},"49":{"start":{"line":72,"column":2},"end":{"line":72,"column":23}},"50":{"start":{"line":73,"column":2},"end":{"line":76,"column":3}},"51":{"start":{"line":75,"column":4},"end":{"line":75,"column":70}},"52":{"start":{"line":77,"column":2},"end":{"line":91,"column":5}},"53":{"start":{"line":78,"column":4},"end":{"line":80,"column":5}},"54":{"start":{"line":79,"column":6},"end":{"line":79,"column":36}},"55":{"start":{"line":81,"column":4},"end":{"line":81,"column":38}},"56":{"start":{"line":82,"column":4},"end":{"line":85,"column":6}},"57":{"start":{"line":87,"column":4},"end":{"line":87,"column":57}},"58":{"start":{"line":88,"column":4},"end":{"line":88,"column":41}},"59":{"start":{"line":90,"column":4},"end":{"line":90,"column":22}},"60":{"start":{"line":94,"column":0},"end":{"line":101,"column":1}},"61":{"start":{"line":95,"column":2},"end":{"line":97,"column":3}},"62":{"start":{"line":96,"column":4},"end":{"line":96,"column":21}},"63":{"start":{"line":99,"column":2},"end":{"line":99,"column":33}},"64":{"start":{"line":100,"column":2},"end":{"line":100,"column":14}},"65":{"start":{"line":103,"column":0},"end":{"line":110,"column":2}}},"branchMap":{"1":{"line":1,"type":"binary-expr","locations":[{"start":{"line":1,"column":11},"end":{"line":1,"column":22}},{"start":{"line":1,"column":26},"end":{"line":1,"column":41}}]},"2":{"line":15,"type":"if","locations":[{"start":{"line":15,"column":6},"end":{"line":15,"column":6}},{"start":{"line":15,"column":6},"end":{"line":15,"column":6}}]},"3":{"line":16,"type":"if","locations":[{"start":{"line":16,"column":6},"end":{"line":16,"column":6}},{"start":{"line":16,"column":6},"end":{"line":16,"column":6}}]},"4":{"line":17,"type":"if","locations":[{"start":{"line":17,"column":6},"end":{"line":17,"column":6}},{"start":{"line":17,"column":6},"end":{"line":17,"column":6}}]},"5":{"line":18,"type":"if","locations":[{"start":{"line":18,"column":6},"end":{"line":18,"column":6}},{"start":{"line":18,"column":6},"end":{"line":18,"column":6}}]},"6":{"line":20,"type":"if","locations":[{"start":{"line":20,"column":6},"end":{"line":20,"column":6}},{"start":{"line":20,"column":6},"end":{"line":20,"column":6}}]},"7":{"line":24,"type":"if","locations":[{"start":{"line":24,"column":6},"end":{"line":24,"column":6}},{"start":{"line":24,"column":6},"end":{"line":24,"column":6}}]},"8":{"line":26,"type":"if","locations":[{"start":{"line":26,"column":13},"end":{"line":26,"column":13}},{"start":{"line":26,"column":13},"end":{"line":26,"column":13}}]},"9":{"line":28,"type":"if","locations":[{"start":{"line":28,"column":13},"end":{"line":28,"column":13}},{"start":{"line":28,"column":13},"end":{"line":28,"column":13}}]},"10":{"line":38,"type":"if","locations":[{"start":{"line":38,"column":2},"end":{"line":38,"column":2}},{"start":{"line":38,"column":2},"end":{"line":38,"column":2}}]},"11":{"line":73,"type":"if","locations":[{"start":{"line":73,"column":2},"end":{"line":73,"column":2}},{"start":{"line":73,"column":2},"end":{"line":73,"column":2}}]},"12":{"line":78,"type":"if","locations":[{"start":{"line":78,"column":4},"end":{"line":78,"column":4}},{"start":{"line":78,"column":4},"end":{"line":78,"column":4}}]},"13":{"line":95,"type":"if","locations":[{"start":{"line":95,"column":2},"end":{"line":95,"column":2}},{"start":{"line":95,"column":2},"end":{"line":95,"column":2}}]}}},"/Users/remy/Sites/exporter/plugins/actions-required.js":{"path":"/Users/remy/Sites/exporter/plugins/actions-required.js","s":{"1":1,"2":5,"3":1,"4":1,"5":1,"6":1,"7":3,"8":3,"9":0,"10":3,"11":2,"12":3,"13":1,"14":1,"15":1,"16":5,"17":1,"18":1,"19":0,"20":0},"b":{"1":[1,4],"2":[5,2],"3":[1,0],"4":[0,3],"5":[2,1],"6":[1,0],"7":[1,0],"8":[0,0]},"f":{"1":5,"2":3},"fnMap":{"1":{"name":"actionsRequired","line":3,"loc":{"start":{"line":3,"column":0},"end":{"line":3,"column":30}}},"2":{"name":"(anonymous_2)","line":10,"loc":{"start":{"line":10,"column":56},"end":{"line":10,"column":77}}}},"statementMap":{"1":{"start":{"line":3,"column":0},"end":{"line":35,"column":1}},"2":{"start":{"line":4,"column":2},"end":{"line":32,"column":3}},"3":{"start":{"line":5,"column":4},"end":{"line":5,"column":44}},"4":{"start":{"line":7,"column":4},"end":{"line":7,"column":29}},"5":{"start":{"line":9,"column":4},"end":{"line":24,"column":5}},"6":{"start":{"line":10,"column":6},"end":{"line":23,"column":13}},"7":{"start":{"line":13,"column":8},"end":{"line":13,"column":38}},"8":{"start":{"line":14,"column":8},"end":{"line":16,"column":9}},"9":{"start":{"line":15,"column":10},"end":{"line":15,"column":49}},"10":{"start":{"line":18,"column":8},"end":{"line":20,"column":9}},"11":{"start":{"line":19,"column":10},"end":{"line":19,"column":25}},"12":{"start":{"line":22,"column":8},"end":{"line":22,"column":19}},"13":{"start":{"line":27,"column":4},"end":{"line":29,"column":5}},"14":{"start":{"line":28,"column":6},"end":{"line":28,"column":39}},"15":{"start":{"line":31,"column":4},"end":{"line":31,"column":62}},"16":{"start":{"line":34,"column":2},"end":{"line":34,"column":13}},"17":{"start":{"line":37,"column":0},"end":{"line":41,"column":1}},"18":{"start":{"line":38,"column":2},"end":{"line":38,"column":35}},"19":{"start":{"line":39,"column":7},"end":{"line":41,"column":1}},"20":{"start":{"line":40,"column":2},"end":{"line":40,"column":55}}},"branchMap":{"1":{"line":4,"type":"if","locations":[{"start":{"line":4,"column":2},"end":{"line":4,"column":2}},{"start":{"line":4,"column":2},"end":{"line":4,"column":2}}]},"2":{"line":4,"type":"binary-expr","locations":[{"start":{"line":4,"column":6},"end":{"line":4,"column":18}},{"start":{"line":4,"column":22},"end":{"line":4,"column":50}}]},"3":{"line":9,"type":"if","locations":[{"start":{"line":9,"column":4},"end":{"line":9,"column":4}},{"start":{"line":9,"column":4},"end":{"line":9,"column":4}}]},"4":{"line":14,"type":"if","locations":[{"start":{"line":14,"column":8},"end":{"line":14,"column":8}},{"start":{"line":14,"column":8},"end":{"line":14,"column":8}}]},"5":{"line":18,"type":"if","locations":[{"start":{"line":18,"column":8},"end":{"line":18,"column":8}},{"start":{"line":18,"column":8},"end":{"line":18,"column":8}}]},"6":{"line":27,"type":"if","locations":[{"start":{"line":27,"column":4},"end":{"line":27,"column":4}},{"start":{"line":27,"column":4},"end":{"line":27,"column":4}}]},"7":{"line":37,"type":"if","locations":[{"start":{"line":37,"column":0},"end":{"line":37,"column":0}},{"start":{"line":37,"column":0},"end":{"line":37,"column":0}}]},"8":{"line":39,"type":"if","locations":[{"start":{"line":39,"column":7},"end":{"line":39,"column":7}},{"start":{"line":39,"column":7},"end":{"line":39,"column":7}}]}}}}