TN:
SF:/Users/remy/Sites/exporter/lib/exporter.js
FN:14,(anonymous_1)
FN:66,(anonymous_2)
FN:100,(anonymous_3)
FN:104,(anonymous_4)
FN:115,(anonymous_5)
FN:116,(anonymous_6)
FN:117,(anonymous_7)
FN:138,(anonymous_8)
FN:147,(anonymous_9)
FN:153,(anonymous_10)
FN:158,(anonymous_11)
FN:159,(anonymous_12)
FN:164,(anonymous_13)
FN:188,(anonymous_14)
FN:206,(anonymous_15)
FN:208,(anonymous_16)
FN:222,(anonymous_17)
FN:243,(anonymous_18)
FN:245,(anonymous_19)
FN:254,(anonymous_20)
FN:259,(anonymous_21)
FN:264,(anonymous_22)
FN:270,(anonymous_23)
FN:274,(anonymous_24)
FN:285,(anonymous_25)
FN:291,(anonymous_26)
FN:299,(anonymous_27)
FN:302,(anonymous_28)
FN:303,(anonymous_29)
FN:307,(anonymous_30)
FN:314,parseHeadings
FN:317,(anonymous_32)
FN:334,(anonymous_33)
FN:350,checkSignature
FN:362,updatePrototype
FN:364,(anonymous_36)
FN:373,(anonymous_37)
FN:375,(anonymous_38)
FN:376,(anonymous_39)
FN:383,(anonymous_40)
FN:405,arrayMethod
FN:406,(anonymous_42)
FN:408,(anonymous_43)
FN:418,(anonymous_44)
FN:428,catchAndSwallow
FN:432,prepareForExport
FN:434,(anonymous_47)
FN:440,(anonymous_48)
FN:446,(anonymous_49)
FN:447,(anonymous_50)
FN:463,bootconfig
FN:466,(anonymous_52)
FN:470,(anonymous_53)
FN:471,(anonymous_54)
FN:487,(anonymous_55)
FN:489,(anonymous_56)
FN:498,(anonymous_57)
FNF:57
FNH:53
FNDA:79,(anonymous_1)
FNDA:1,(anonymous_2)
FNDA:1,(anonymous_3)
FNDA:0,(anonymous_4)
FNDA:2,(anonymous_5)
FNDA:1,(anonymous_6)
FNDA:1,(anonymous_7)
FNDA:0,(anonymous_8)
FNDA:51,(anonymous_9)
FNDA:12,(anonymous_10)
FNDA:1,(anonymous_11)
FNDA:1,(anonymous_12)
FNDA:15,(anonymous_13)
FNDA:0,(anonymous_14)
FNDA:1,(anonymous_15)
FNDA:1,(anonymous_16)
FNDA:13,(anonymous_17)
FNDA:13,(anonymous_18)
FNDA:3,(anonymous_19)
FNDA:1,(anonymous_20)
FNDA:1,(anonymous_21)
FNDA:2,(anonymous_22)
FNDA:84,(anonymous_23)
FNDA:78,(anonymous_24)
FNDA:30,(anonymous_25)
FNDA:6,(anonymous_26)
FNDA:83,(anonymous_27)
FNDA:36,(anonymous_28)
FNDA:22,(anonymous_29)
FNDA:18,(anonymous_30)
FNDA:13,parseHeadings
FNDA:2,(anonymous_32)
FNDA:174,(anonymous_33)
FNDA:1,checkSignature
FNDA:40,updatePrototype
FNDA:35,(anonymous_36)
FNDA:9,(anonymous_37)
FNDA:9,(anonymous_38)
FNDA:41,(anonymous_39)
FNDA:41,(anonymous_40)
FNDA:6,arrayMethod
FNDA:8,(anonymous_42)
FNDA:8,(anonymous_43)
FNDA:2,(anonymous_44)
FNDA:0,catchAndSwallow
FNDA:11,prepareForExport
FNDA:176,(anonymous_47)
FNDA:29,(anonymous_48)
FNDA:674,(anonymous_49)
FNDA:1726,(anonymous_50)
FNDA:51,bootconfig
FNDA:104,(anonymous_52)
FNDA:95,(anonymous_53)
FNDA:13,(anonymous_54)
FNDA:12,(anonymous_55)
FNDA:12,(anonymous_56)
FNDA:11,(anonymous_57)
DA:3,1
DA:4,1
DA:6,1
DA:7,1
DA:8,1
DA:9,1
DA:10,1
DA:11,1
DA:14,1
DA:15,79
DA:16,39
DA:19,40
DA:25,40
DA:26,40
DA:28,40
DA:31,40
DA:34,40
DA:37,40
DA:41,40
DA:43,40
DA:46,1
DA:49,1
DA:50,1
DA:52,1
DA:55,1
DA:58,1
DA:61,1
DA:64,1
DA:66,1
DA:67,1
DA:68,0
DA:71,1
DA:72,1
DA:73,1
DA:75,1
DA:85,1
DA:87,1
DA:88,1
DA:100,1
DA:102,1
DA:103,1
DA:104,1
DA:105,0
DA:107,0
DA:109,0
DA:113,1
DA:115,1
DA:116,2
DA:117,1
DA:118,1
DA:119,1
DA:120,1
DA:122,1
DA:123,0
DA:127,1
DA:129,1
DA:133,1
DA:135,1
DA:139,0
DA:140,0
DA:142,0
DA:147,1
DA:148,51
DA:149,51
DA:150,51
DA:153,1
DA:154,12
DA:155,12
DA:158,1
DA:159,1
DA:160,1
DA:164,1
DA:165,15
DA:166,15
DA:167,5
DA:170,15
DA:171,0
DA:174,15
DA:175,15
DA:176,0
DA:178,15
DA:180,15
DA:181,4
DA:184,15
DA:186,1
DA:187,1
DA:188,1
DA:189,0
DA:190,0
DA:192,1
DA:193,1
DA:199,1
DA:208,1
DA:209,1
DA:216,1
DA:220,14
DA:221,14
DA:222,14
DA:223,13
DA:224,13
DA:228,13
DA:229,1
DA:230,1
DA:233,13
DA:235,13
DA:236,1
DA:237,1
DA:241,13
DA:242,13
DA:243,13
DA:244,13
DA:245,13
DA:246,3
DA:248,13
DA:254,1
DA:255,1
DA:256,1
DA:259,1
DA:260,1
DA:261,1
DA:264,1
DA:265,2
DA:266,2
DA:270,1
DA:272,84
DA:274,84
DA:275,78
DA:276,65
DA:278,13
DA:280,78
DA:282,84
DA:285,1
DA:286,30
DA:287,30
DA:291,1
DA:292,6
DA:296,1
DA:298,1
DA:300,83
DA:303,36
DA:304,22
DA:307,36
DA:308,18
DA:314,1
DA:315,13
DA:317,1
DA:319,2
DA:320,2
DA:321,2
DA:322,2
DA:323,2
DA:324,2
DA:328,13
DA:329,0
DA:332,13
DA:334,10
DA:336,174
DA:337,174
DA:340,174
DA:341,174
DA:342,174
DA:343,174
DA:347,13
DA:350,1
DA:351,1
DA:352,1
DA:353,1
DA:354,0
DA:355,1
DA:356,1
DA:359,1
DA:362,1
DA:364,40
DA:365,35
DA:366,30
DA:369,5
DA:370,0
DA:373,5
DA:374,9
DA:375,9
DA:376,9
DA:377,41
DA:378,41
DA:379,41
DA:382,0
DA:384,41
DA:387,9
DA:389,9
DA:390,1
DA:391,1
DA:396,9
DA:399,5
DA:401,5
DA:405,1
DA:406,6
DA:407,8
DA:408,8
DA:412,8
DA:414,8
DA:415,8
DA:416,1
DA:419,2
DA:424,8
DA:428,1
DA:429,0
DA:432,1
DA:433,11
DA:434,11
DA:435,176
DA:436,176
DA:437,176
DA:440,11
DA:441,29
DA:443,0
DA:446,29
DA:447,674
DA:449,1726
DA:450,674
DA:452,1052
DA:458,11
DA:460,11
DA:463,1
DA:466,51
DA:468,104
DA:469,104
DA:470,63
DA:471,95
DA:472,13
DA:473,2
DA:477,13
DA:478,13
DA:480,13
DA:481,13
DA:482,13
DA:484,13
DA:486,13
DA:487,12
DA:488,12
DA:489,12
DA:490,12
DA:491,12
DA:492,1
DA:497,11
DA:499,11
DA:500,11
DA:504,1
DA:514,13
DA:516,95
LF:248
LH:230
BRDA:15,1,0,39
BRDA:15,1,1,40
BRDA:25,2,0,40
BRDA:25,2,1,22
BRDA:67,3,0,0
BRDA:67,3,1,1
BRDA:71,4,0,1
BRDA:71,4,1,1
BRDA:87,5,0,1
BRDA:87,5,1,0
BRDA:102,6,0,1
BRDA:102,6,1,0
BRDA:104,7,0,1
BRDA:104,7,1,0
BRDA:122,8,0,0
BRDA:122,8,1,1
BRDA:139,9,0,0
BRDA:139,9,1,0
BRDA:166,10,0,5
BRDA:166,10,1,10
BRDA:167,11,0,5
BRDA:167,11,1,0
BRDA:170,12,0,0
BRDA:170,12,1,15
BRDA:175,13,0,0
BRDA:175,13,1,15
BRDA:180,14,0,4
BRDA:180,14,1,11
BRDA:184,15,0,1
BRDA:184,15,1,14
BRDA:192,16,0,1
BRDA:192,16,1,0
BRDA:208,17,0,0
BRDA:208,17,1,1
BRDA:228,18,0,1
BRDA:228,18,1,12
BRDA:228,19,0,13
BRDA:228,19,1,3
BRDA:228,19,2,3
BRDA:233,20,0,11
BRDA:233,20,1,2
BRDA:233,21,0,11
BRDA:233,21,1,0
BRDA:235,22,0,1
BRDA:235,22,1,12
BRDA:274,23,0,3
BRDA:274,23,1,81
BRDA:275,24,0,65
BRDA:275,24,1,13
BRDA:315,25,0,1
BRDA:315,25,1,12
BRDA:328,26,0,0
BRDA:328,26,1,13
BRDA:332,27,0,10
BRDA:332,27,1,3
BRDA:340,28,0,174
BRDA:340,28,1,6
BRDA:353,29,0,0
BRDA:353,29,1,1
BRDA:353,30,0,1
BRDA:353,30,1,0
BRDA:355,31,0,1
BRDA:355,31,1,0
BRDA:365,32,0,30
BRDA:365,32,1,5
BRDA:365,33,0,35
BRDA:365,33,1,30
BRDA:369,34,0,0
BRDA:369,34,1,5
BRDA:378,35,0,41
BRDA:378,35,1,0
BRDA:389,36,0,1
BRDA:389,36,1,8
BRDA:415,37,0,1
BRDA:415,37,1,7
BRDA:441,38,0,0
BRDA:441,38,1,29
BRDA:449,39,0,674
BRDA:449,39,1,1052
BRDA:450,40,0,632
BRDA:450,40,1,42
BRDA:452,41,0,1052
BRDA:452,41,1,470
BRDA:469,42,0,63
BRDA:469,42,1,41
BRDA:469,43,0,104
BRDA:469,43,1,63
BRDA:472,44,0,2
BRDA:472,44,1,11
BRDA:477,45,0,13
BRDA:477,45,1,0
BRDA:478,46,0,13
BRDA:478,46,1,13
BRDA:478,46,2,12
BRDA:480,47,0,13
BRDA:480,47,1,8
BRDA:481,48,0,13
BRDA:481,48,1,5
BRDA:484,49,0,13
BRDA:484,49,1,11
BRDA:486,50,0,12
BRDA:486,50,1,1
BRDA:491,51,0,1
BRDA:491,51,1,11
BRF:104
BRH:83
end_of_record
TN:
SF:/Users/remy/Sites/exporter/lib/interpolate.js
FN:5,interpolate
FN:10,(anonymous_2)
FN:14,(anonymous_3)
FN:26,pluck
FN:28,(anonymous_5)
FN:36,trim
FNF:6
FNH:6
FNDA:20,interpolate
FNDA:33,(anonymous_2)
FNDA:63,(anonymous_3)
FNDA:63,pluck
FNDA:66,(anonymous_5)
FNDA:63,trim
DA:2,1
DA:5,1
DA:6,20
DA:7,3
DA:10,20
DA:11,33
DA:12,33
DA:14,33
DA:15,63
DA:16,63
DA:17,18
DA:18,45
DA:19,16
DA:21,63
DA:26,1
DA:27,63
DA:28,63
DA:29,66
DA:30,21
DA:32,45
DA:36,1
DA:37,63
LF:22
LH:22
BRDA:6,1,0,3
BRDA:6,1,1,17
BRDA:10,2,0,20
BRDA:10,2,1,0
BRDA:16,3,0,18
BRDA:16,3,1,45
BRDA:18,4,0,16
BRDA:18,4,1,29
BRDA:29,5,0,21
BRDA:29,5,1,45
BRDA:29,6,0,66
BRDA:29,6,1,66
BRF:12
BRH:11
end_of_record
TN:
SF:/Users/remy/Sites/exporter/lib/engines/index.js
FNF:0
FNH:0
DA:1,1
LF:1
LH:1
BRF:0
BRH:0
end_of_record
TN:
SF:/Users/remy/Sites/exporter/lib/engines/couch-csv.js
FN:4,parse
FN:5,(anonymous_2)
FNF:2
FNH:2
FNDA:1,parse
FNDA:1,(anonymous_2)
DA:2,1
DA:4,1
DA:5,1
DA:6,1
DA:10,1
LF:5
LH:5
BRDA:2,1,0,1
BRDA:2,1,1,0
BRF:2
BRH:1
end_of_record
TN:
SF:/Users/remy/Sites/exporter/lib/engines/elasticsearch.js
FN:4,parse
FN:5,(anonymous_2)
FN:16,(anonymous_3)
FN:29,(anonymous_4)
FN:50,(anonymous_5)
FNF:5
FNH:5
FNDA:8,parse
FNDA:8,(anonymous_2)
FNDA:35,(anonymous_3)
FNDA:338,(anonymous_4)
FNDA:35,(anonymous_5)
DA:2,1
DA:4,1
DA:5,8
DA:6,8
DA:7,0
DA:10,8
DA:11,0
DA:16,8
DA:17,35
DA:21,35
DA:22,21
DA:23,20
DA:25,1
DA:29,14
DA:30,338
DA:31,338
DA:36,291
DA:37,291
DA:38,291
DA:39,603
DA:42,291
DA:44,47
DA:47,14
DA:50,8
DA:51,35
DA:56,1
LF:26
LH:24
BRDA:2,1,0,1
BRDA:2,1,1,0
BRDA:6,2,0,0
BRDA:6,2,1,8
BRDA:10,3,0,0
BRDA:10,3,1,8
BRDA:21,4,0,21
BRDA:21,4,1,14
BRDA:22,5,0,20
BRDA:22,5,1,1
BRDA:31,6,0,291
BRDA:31,6,1,47
BRDA:39,7,0,603
BRDA:39,7,1,147
BRF:14
BRH:11
end_of_record
TN:
SF:/Users/remy/Sites/exporter/lib/save/index.js
FN:8,(anonymous_1)
FN:18,saveAs
FN:24,saver
FN:30,(anonymous_4)
FN:33,(anonymous_5)
FN:39,createSaver
FN:40,(anonymous_7)
FN:42,(anonymous_8)
FNF:8
FNH:6
FNDA:0,(anonymous_1)
FNDA:1,saveAs
FNDA:13,saver
FNDA:0,(anonymous_4)
FNDA:2,(anonymous_5)
FNDA:3,createSaver
FNDA:13,(anonymous_7)
FNDA:13,(anonymous_8)
DA:2,1
DA:3,1
DA:5,1
DA:7,1
DA:9,0
DA:10,0
DA:11,0
DA:13,0
DA:18,1
DA:19,1
DA:24,1
DA:25,13
DA:31,0
DA:34,2
DA:39,1
DA:40,3
DA:41,13
DA:42,13
DA:43,13
DA:48,1
LF:20
LH:15
BRDA:5,1,0,1
BRDA:5,1,1,0
BRDA:8,2,0,1
BRDA:8,2,1,0
BRDA:8,2,2,0
BRDA:19,3,0,1
BRDA:19,3,1,0
BRDA:20,4,0,1
BRDA:20,4,1,1
BRDA:26,5,0,0
BRDA:26,5,1,13
BRDA:30,6,0,2
BRDA:30,6,1,11
BRDA:33,7,0,2
BRDA:33,7,1,11
BRF:15
BRH:10
end_of_record
TN:
SF:/Users/remy/Sites/exporter/lib/save/_bufferToStream.js
FN:5,BufferStream
FN:27,(anonymous_2)
FN:34,(anonymous_3)
FNF:3
FNH:3
FNDA:2,BufferStream
FNDA:2,(anonymous_2)
FNDA:2,(anonymous_3)
DA:1,1
DA:2,1
DA:5,1
DA:6,2
DA:7,0
DA:11,2
DA:13,2
DA:17,2
DA:18,2
DA:21,2
DA:24,1
DA:27,1
DA:28,2
DA:29,2
DA:30,2
DA:34,1
DA:37,2
DA:38,2
DA:39,2
DA:43,2
DA:44,2
DA:48,1
LF:22
LH:21
BRDA:6,1,0,0
BRDA:6,1,1,2
BRDA:37,2,0,2
BRDA:37,2,1,0
BRDA:43,3,0,2
BRDA:43,3,1,0
BRF:6
BRH:3
end_of_record
TN:
SF:/Users/remy/Sites/exporter/lib/save/csv.js
FN:3,parse
FN:9,(anonymous_2)
FN:10,(anonymous_3)
FNF:3
FNH:3
FNDA:9,parse
FNDA:9,(anonymous_2)
FNDA:37,(anonymous_3)
DA:3,1
DA:4,9
DA:5,6
DA:9,9
DA:10,9
DA:11,37
DA:16,1
LF:7
LH:7
BRDA:4,1,0,6
BRDA:4,1,1,3
BRF:2
BRH:2
end_of_record
TN:
SF:/Users/remy/Sites/exporter/lib/save/json.js
FN:3,parse
FN:4,(anonymous_2)
FNF:2
FNH:2
FNDA:2,parse
FNDA:2,(anonymous_2)
DA:3,1
DA:4,2
DA:5,2
DA:9,1
LF:4
LH:4
BRF:0
BRH:0
end_of_record
TN:
SF:/Users/remy/Sites/exporter/lib/save/xlsx.js
FN:10,sheetFromArrayOfArrays
FN:42,s2ab
FN:55,pipe
FN:71,parse
FN:77,(anonymous_5)
FN:94,write
FNF:6
FNH:4
FNDA:2,sheetFromArrayOfArrays
FNDA:0,s2ab
FNDA:0,pipe
FNDA:2,parse
FNDA:2,(anonymous_5)
FNDA:2,write
DA:1,1
DA:2,1
DA:3,1
DA:10,1
DA:11,2
DA:12,2
DA:13,2
DA:14,2
DA:15,4
DA:16,4
DA:17,4
DA:18,4
DA:19,4
DA:20,4
DA:21,4
DA:24,4
DA:25,0
DA:26,4
DA:27,0
DA:28,4
DA:29,0
DA:30,0
DA:32,4
DA:35,4
DA:38,2
DA:39,2
DA:42,1
DA:43,0
DA:44,0
DA:45,0
DA:46,0
DA:47,0
DA:50,0
DA:52,0
DA:55,1
DA:56,0
DA:57,0
DA:65,0
DA:67,0
DA:68,0
DA:71,1
DA:72,2
DA:73,2
DA:75,0
DA:77,2
DA:78,2
DA:79,0
DA:81,2
DA:82,2
DA:87,2
DA:88,2
DA:90,2
DA:94,1
DA:95,2
DA:96,0
DA:99,2
DA:100,2
DA:103,1
LF:58
LH:39
BRDA:1,1,0,1
BRDA:1,1,1,1
BRDA:15,2,0,2
BRDA:15,2,1,2
BRDA:16,3,0,2
BRDA:16,3,1,2
BRDA:17,4,0,0
BRDA:17,4,1,4
BRDA:18,5,0,2
BRDA:18,5,1,2
BRDA:20,6,0,0
BRDA:20,6,1,4
BRDA:24,7,0,0
BRDA:24,7,1,4
BRDA:26,8,0,0
BRDA:26,8,1,4
BRDA:28,9,0,0
BRDA:28,9,1,4
BRDA:38,10,0,2
BRDA:38,10,1,0
BRDA:73,11,0,0
BRDA:73,11,1,2
BRDA:78,12,0,0
BRDA:78,12,1,2
BRDA:95,13,0,0
BRDA:95,13,1,2
BRF:26
BRH:17
end_of_record
TN:
SF:/Users/remy/Sites/exporter/plugins/actions-required.js
FN:3,actionsRequired
FN:10,(anonymous_2)
FNF:2
FNH:2
FNDA:5,actionsRequired
FNDA:3,(anonymous_2)
DA:3,1
DA:4,5
DA:5,1
DA:7,1
DA:9,1
DA:10,1
DA:13,3
DA:14,3
DA:15,0
DA:18,3
DA:19,2
DA:22,3
DA:27,1
DA:28,1
DA:31,1
DA:34,5
DA:37,1
DA:38,1
DA:39,0
DA:40,0
LF:20
LH:17
BRDA:4,1,0,1
BRDA:4,1,1,4
BRDA:4,2,0,5
BRDA:4,2,1,2
BRDA:9,3,0,1
BRDA:9,3,1,0
BRDA:14,4,0,0
BRDA:14,4,1,3
BRDA:18,5,0,2
BRDA:18,5,1,1
BRDA:27,6,0,1
BRDA:27,6,1,0
BRDA:37,7,0,1
BRDA:37,7,1,0
BRDA:39,8,0,0
BRDA:39,8,1,0
BRF:16
BRH:10
end_of_record
